# JRE version: OpenJDK Runtime Environment JBR-17.0.4.1+7-469.62-jcef (17.0.4.1+7) (build 17.0.4.1+7-b469.62)
# Java VM: OpenJDK 64-Bit Server VM JBR-17.0.4.1+7-469.62-jcef (17.0.4.1+7-b469.62, mixed mode, tiered, compressed oops, compressed class ptrs, g1 gc, windows-amd64)
GC Precious Log:
 CPUs: 8 total, 8 available
 Memory: 7991M
 Large Page Support: Disabled
 NUMA Support: Disabled
 Compressed Oops: Enabled (32-bit)
 Heap Region Size: 1M
 Heap Min Capacity: 8M
 Heap Initial Capacity: 126M
 Heap Max Capacity: 1998M
 Pre-touch: Disabled
 Parallel Workers: 8
 Concurrent Workers: 2
 Concurrent Refinement Workers: 8
 Periodic GC: Disabled
Heap:
 garbage-first heap   total 68608K, used 45473K [0x0000000083200000, 0x0000000100000000)
  region size 1024K, 22 young (22528K), 4 survivors (4096K)
 Metaspace       used 70017K, committed 70400K, reserved 1114112K
  class space    used 9352K, committed 9536K, reserved 1048576K
GC Heap History (20 events):
Event: 1.984 GC heap before
{Heap before GC invocations=10 (full 0):
 garbage-first heap   total 37888K, used 18170K [0x0000000083200000, 0x0000000100000000)
  region size 1024K, 7 young (7168K), 3 survivors (3072K)
 Metaspace       used 35778K, committed 35968K, reserved 1081344K
  class space    used 4369K, committed 4480K, reserved 1048576K
}
Event: 1.986 GC heap after
{Heap after GC invocations=11 (full 0):
 garbage-first heap   total 37888K, used 15522K [0x0000000083200000, 0x0000000100000000)
  region size 1024K, 1 young (1024K), 1 survivors (1024K)
 Metaspace       used 35778K, committed 35968K, reserved 1081344K
  class space    used 4369K, committed 4480K, reserved 1048576K
}
Event: 2.278 GC heap before
{Heap before GC invocations=12 (full 0):
 garbage-first heap   total 37888K, used 28834K [0x0000000083200000, 0x0000000100000000)
  region size 1024K, 14 young (14336K), 1 survivors (1024K)
 Metaspace       used 38419K, committed 38656K, reserved 1089536K
  class space    used 4784K, committed 4864K, reserved 1048576K
}
Event: 2.280 GC heap after
{Heap after GC invocations=13 (full 0):
 garbage-first heap   total 37888K, used 16730K [0x0000000083200000, 0x0000000100000000)
  region size 1024K, 2 young (2048K), 2 survivors (2048K)
 Metaspace       used 38419K, committed 38656K, reserved 1089536K
  class space    used 4784K, committed 4864K, reserved 1048576K
}
Event: 2.301 GC heap before
{Heap before GC invocations=13 (full 0):
 garbage-first heap   total 37888K, used 16730K [0x0000000083200000, 0x0000000100000000)
  region size 1024K, 3 young (3072K), 2 survivors (2048K)
 Metaspace       used 38720K, committed 39040K, reserved 1089536K
  class space    used 4817K, committed 4992K, reserved 1048576K
}
Event: 2.304 GC heap after
{Heap after GC invocations=14 (full 0):
 garbage-first heap   total 37888K, used 16753K [0x0000000083200000, 0x0000000100000000)
  region size 1024K, 1 young (1024K), 1 survivors (1024K)
 Metaspace       used 38720K, committed 39040K, reserved 1089536K
  class space    used 4817K, committed 4992K, reserved 1048576K
}
Event: 2.458 GC heap before
{Heap before GC invocations=14 (full 0):
 garbage-first heap   total 37888K, used 28017K [0x0000000083200000, 0x0000000100000000)
  region size 1024K, 12 young (12288K), 1 survivors (1024K)
 Metaspace       used 40541K, committed 40896K, reserved 1089536K
  class space    used 5008K, committed 5184K, reserved 1048576K
}
Event: 2.460 GC heap after
{Heap after GC invocations=15 (full 0):
 garbage-first heap   total 73728K, used 17545K [0x0000000083200000, 0x0000000100000000)
  region size 1024K, 2 young (2048K), 2 survivors (2048K)
 Metaspace       used 40541K, committed 40896K, reserved 1089536K
  class space    used 5008K, committed 5184K, reserved 1048576K
}
Event: 3.220 GC heap before
{Heap before GC invocations=16 (full 0):
 garbage-first heap   total 68608K, used 54409K [0x0000000083200000, 0x0000000100000000)
  region size 1024K, 38 young (38912K), 2 survivors (2048K)
 Metaspace       used 48222K, committed 48576K, reserved 1097728K
  class space    used 6052K, committed 6208K, reserved 1048576K
}
Event: 3.223 GC heap after
{Heap after GC invocations=17 (full 0):
 garbage-first heap   total 68608K, used 20650K [0x0000000083200000, 0x0000000100000000)
  region size 1024K, 5 young (5120K), 5 survivors (5120K)
 Metaspace       used 48222K, committed 48576K, reserved 1097728K
  class space    used 6052K, committed 6208K, reserved 1048576K
}
Event: 3.245 GC heap before
{Heap before GC invocations=17 (full 0):
 garbage-first heap   total 68608K, used 21674K [0x0000000083200000, 0x0000000100000000)
  region size 1024K, 6 young (6144K), 5 survivors (5120K)
 Metaspace       used 48467K, committed 48832K, reserved 1097728K
  class space    used 6088K, committed 6272K, reserved 1048576K
}
Event: 3.247 GC heap after
{Heap after GC invocations=18 (full 0):
 garbage-first heap   total 68608K, used 21192K [0x0000000083200000, 0x0000000100000000)
  region size 1024K, 1 young (1024K), 1 survivors (1024K)
 Metaspace       used 48467K, committed 48832K, reserved 1097728K
  class space    used 6088K, committed 6272K, reserved 1048576K
}
Event: 3.748 GC heap before
{Heap before GC invocations=18 (full 0):
 garbage-first heap   total 68608K, used 50888K [0x0000000083200000, 0x0000000100000000)
  region size 1024K, 30 young (30720K), 1 survivors (1024K)
 Metaspace       used 57000K, committed 57280K, reserved 1105920K
  class space    used 7456K, committed 7616K, reserved 1048576K
}
Event: 3.751 GC heap after
{Heap after GC invocations=19 (full 0):
 garbage-first heap   total 68608K, used 22331K [0x0000000083200000, 0x0000000100000000)
  region size 1024K, 2 young (2048K), 2 survivors (2048K)
 Metaspace       used 57000K, committed 57280K, reserved 1105920K
  class space    used 7456K, committed 7616K, reserved 1048576K
}
Event: 4.281 GC heap before
{Heap before GC invocations=19 (full 0):
 garbage-first heap   total 68608K, used 52027K [0x0000000083200000, 0x0000000100000000)
  region size 1024K, 31 young (31744K), 2 survivors (2048K)
 Metaspace       used 62197K, committed 62528K, reserved 1105920K
  class space    used 8234K, committed 8384K, reserved 1048576K
}
Event: 4.286 GC heap after
{Heap after GC invocations=20 (full 0):
 garbage-first heap   total 68608K, used 24147K [0x0000000083200000, 0x0000000100000000)
  region size 1024K, 4 young (4096K), 4 survivors (4096K)
 Metaspace       used 62197K, committed 62528K, reserved 1105920K
  class space    used 8234K, committed 8384K, reserved 1048576K
}
Event: 4.763 GC heap before
{Heap before GC invocations=20 (full 0):
 garbage-first heap   total 68608K, used 52819K [0x0000000083200000, 0x0000000100000000)
  region size 1024K, 32 young (32768K), 4 survivors (4096K)
 Metaspace       used 65582K, committed 65920K, reserved 1114112K
  class space    used 8729K, committed 8896K, reserved 1048576K
}
Event: 4.767 GC heap after
{Heap after GC invocations=21 (full 0):
 garbage-first heap   total 68608K, used 25908K [0x0000000083200000, 0x0000000100000000)
  region size 1024K, 4 young (4096K), 4 survivors (4096K)
 Metaspace       used 65582K, committed 65920K, reserved 1114112K
  class space    used 8729K, committed 8896K, reserved 1048576K
}
Event: 5.252 GC heap before
{Heap before GC invocations=21 (full 0):
 garbage-first heap   total 68608K, used 48436K [0x0000000083200000, 0x0000000100000000)
  region size 1024K, 27 young (27648K), 4 survivors (4096K)
 Metaspace       used 67988K, committed 68288K, reserved 1114112K
  class space    used 9075K, committed 9216K, reserved 1048576K
}
Event: 5.258 GC heap after
{Heap after GC invocations=22 (full 0):
 garbage-first heap   total 68608K, used 28065K [0x0000000083200000, 0x0000000100000000)
  region size 1024K, 4 young (4096K), 4 survivors (4096K)
 Metaspace       used 67988K, committed 68288K, reserved 1114112K
  class space    used 9075K, committed 9216K, reserved 1048576K
}

