# JRE version: OpenJDK Runtime Environment JBR-17.0.4.1+7-469.62-jcef (17.0.4.1+7) (build 17.0.4.1+7-b469.62)
# Java VM: OpenJDK 64-Bit Server VM JBR-17.0.4.1+7-469.62-jcef (17.0.4.1+7-b469.62, mixed mode, tiered, compressed oops, compressed class ptrs, g1 gc, windows-amd64)
GC Precious Log:
 CPUs: 8 total, 8 available
 Memory: 7991M
 Large Page Support: Disabled
 NUMA Support: Disabled
 Compressed Oops: Enabled (32-bit)
 Heap Region Size: 1M
 Heap Min Capacity: 8M
 Heap Initial Capacity: 126M
 Heap Max Capacity: 1998M
 Pre-touch: Disabled
 Parallel Workers: 8
 Concurrent Workers: 2
 Concurrent Refinement Workers: 8
 Periodic GC: Disabled
Heap:
 garbage-first heap   total 75776K, used 45521K [0x0000000083200000, 0x0000000100000000)
  region size 1024K, 23 young (23552K), 5 survivors (5120K)
 Metaspace       used 70283K, committed 70656K, reserved 1114112K
  class space    used 9405K, committed 9600K, reserved 1048576K
GC Heap History (20 events):
Event: 1.925 GC heap before
{Heap before GC invocations=8 (full 0):
 garbage-first heap   total 37888K, used 27780K [0x0000000083200000, 0x0000000100000000)
  region size 1024K, 17 young (17408K), 3 survivors (3072K)
 Metaspace       used 34458K, committed 34688K, reserved 1081344K
  class space    used 4172K, committed 4288K, reserved 1048576K
}
Event: 1.927 GC heap after
{Heap after GC invocations=9 (full 0):
 garbage-first heap   total 37888K, used 14706K [0x0000000083200000, 0x0000000100000000)
  region size 1024K, 3 young (3072K), 3 survivors (3072K)
 Metaspace       used 34458K, committed 34688K, reserved 1081344K
  class space    used 4172K, committed 4288K, reserved 1048576K
}
Event: 2.050 GC heap before
{Heap before GC invocations=9 (full 0):
 garbage-first heap   total 37888K, used 19826K [0x0000000083200000, 0x0000000100000000)
  region size 1024K, 9 young (9216K), 3 survivors (3072K)
 Metaspace       used 35746K, committed 35968K, reserved 1081344K
  class space    used 4371K, committed 4480K, reserved 1048576K
}
Event: 2.053 GC heap after
{Heap after GC invocations=10 (full 0):
 garbage-first heap   total 37888K, used 15454K [0x0000000083200000, 0x0000000100000000)
  region size 1024K, 2 young (2048K), 2 survivors (2048K)
 Metaspace       used 35746K, committed 35968K, reserved 1081344K
  class space    used 4371K, committed 4480K, reserved 1048576K
}
Event: 2.254 GC heap before
{Heap before GC invocations=11 (full 0):
 garbage-first heap   total 37888K, used 26718K [0x0000000083200000, 0x0000000100000000)
  region size 1024K, 13 young (13312K), 2 survivors (2048K)
 Metaspace       used 37596K, committed 37888K, reserved 1089536K
  class space    used 4684K, committed 4800K, reserved 1048576K
}
Event: 2.256 GC heap after
{Heap after GC invocations=12 (full 0):
 garbage-first heap   total 37888K, used 16465K [0x0000000083200000, 0x0000000100000000)
  region size 1024K, 2 young (2048K), 2 survivors (2048K)
 Metaspace       used 37596K, committed 37888K, reserved 1089536K
  class space    used 4684K, committed 4800K, reserved 1048576K
}
Event: 2.270 GC heap before
{Heap before GC invocations=12 (full 0):
 garbage-first heap   total 37888K, used 17489K [0x0000000083200000, 0x0000000100000000)
  region size 1024K, 3 young (3072K), 2 survivors (2048K)
 Metaspace       used 37763K, committed 38016K, reserved 1089536K
  class space    used 4706K, committed 4864K, reserved 1048576K
}
Event: 2.272 GC heap after
{Heap after GC invocations=13 (full 0):
 garbage-first heap   total 37888K, used 16486K [0x0000000083200000, 0x0000000100000000)
  region size 1024K, 1 young (1024K), 1 survivors (1024K)
 Metaspace       used 37763K, committed 38016K, reserved 1089536K
  class space    used 4706K, committed 4864K, reserved 1048576K
}
Event: 2.477 GC heap before
{Heap before GC invocations=13 (full 0):
 garbage-first heap   total 37888K, used 27750K [0x0000000083200000, 0x0000000100000000)
  region size 1024K, 12 young (12288K), 1 survivors (1024K)
 Metaspace       used 40372K, committed 40640K, reserved 1089536K
  class space    used 4994K, committed 5120K, reserved 1048576K
}
Event: 2.479 GC heap after
{Heap after GC invocations=14 (full 0):
 garbage-first heap   total 75776K, used 17434K [0x0000000083200000, 0x0000000100000000)
  region size 1024K, 2 young (2048K), 2 survivors (2048K)
 Metaspace       used 40372K, committed 40640K, reserved 1089536K
  class space    used 4994K, committed 5120K, reserved 1048576K
}
Event: 3.101 GC heap before
{Heap before GC invocations=14 (full 0):
 garbage-first heap   total 75776K, used 51226K [0x0000000083200000, 0x0000000100000000)
  region size 1024K, 35 young (35840K), 2 survivors (2048K)
 Metaspace       used 46978K, committed 47296K, reserved 1097728K
  class space    used 5815K, committed 6016K, reserved 1048576K
}
Event: 3.104 GC heap after
{Heap after GC invocations=15 (full 0):
 garbage-first heap   total 75776K, used 20389K [0x0000000083200000, 0x0000000100000000)
  region size 1024K, 5 young (5120K), 5 survivors (5120K)
 Metaspace       used 46978K, committed 47296K, reserved 1097728K
  class space    used 5815K, committed 6016K, reserved 1048576K
}
Event: 3.673 GC heap before
{Heap before GC invocations=15 (full 0):
 garbage-first heap   total 75776K, used 54181K [0x0000000083200000, 0x0000000100000000)
  region size 1024K, 38 young (38912K), 5 survivors (5120K)
 Metaspace       used 56395K, committed 56640K, reserved 1105920K
  class space    used 7306K, committed 7424K, reserved 1048576K
}
Event: 3.677 GC heap after
{Heap after GC invocations=16 (full 0):
 garbage-first heap   total 75776K, used 22286K [0x0000000083200000, 0x0000000100000000)
  region size 1024K, 2 young (2048K), 2 survivors (2048K)
 Metaspace       used 56395K, committed 56640K, reserved 1105920K
  class space    used 7306K, committed 7424K, reserved 1048576K
}
Event: 3.971 GC heap before
{Heap before GC invocations=16 (full 0):
 garbage-first heap   total 75776K, used 40718K [0x0000000083200000, 0x0000000100000000)
  region size 1024K, 21 young (21504K), 2 survivors (2048K)
 Metaspace       used 59916K, committed 60160K, reserved 1105920K
  class space    used 7923K, committed 8064K, reserved 1048576K
}
Event: 3.973 GC heap after
{Heap after GC invocations=17 (full 0):
 garbage-first heap   total 75776K, used 23191K [0x0000000083200000, 0x0000000100000000)
  region size 1024K, 3 young (3072K), 3 survivors (3072K)
 Metaspace       used 59916K, committed 60160K, reserved 1105920K
  class space    used 7923K, committed 8064K, reserved 1048576K
}
Event: 4.441 GC heap before
{Heap before GC invocations=18 (full 0):
 garbage-first heap   total 75776K, used 58007K [0x0000000083200000, 0x0000000100000000)
  region size 1024K, 37 young (37888K), 3 survivors (3072K)
 Metaspace       used 64538K, committed 64896K, reserved 1105920K
  class space    used 8604K, committed 8768K, reserved 1048576K
}
Event: 4.444 GC heap after
{Heap after GC invocations=19 (full 0):
 garbage-first heap   total 75776K, used 25331K [0x0000000083200000, 0x0000000100000000)
  region size 1024K, 4 young (4096K), 4 survivors (4096K)
 Metaspace       used 64538K, committed 64896K, reserved 1105920K
  class space    used 8604K, committed 8768K, reserved 1048576K
}
Event: 4.873 GC heap before
{Heap before GC invocations=19 (full 0):
 garbage-first heap   total 75776K, used 58099K [0x0000000083200000, 0x0000000100000000)
  region size 1024K, 36 young (36864K), 4 survivors (4096K)
 Metaspace       used 67870K, committed 68224K, reserved 1114112K
  class space    used 9095K, committed 9280K, reserved 1048576K
}
Event: 4.878 GC heap after
{Heap after GC invocations=20 (full 0):
 garbage-first heap   total 75776K, used 28113K [0x0000000083200000, 0x0000000100000000)
  region size 1024K, 5 young (5120K), 5 survivors (5120K)
 Metaspace       used 67870K, committed 68224K, reserved 1114112K
  class space    used 9095K, committed 9280K, reserved 1048576K
}

