# JRE version: OpenJDK Runtime Environment JBR-17.0.4.1+7-469.62-jcef (17.0.4.1+7) (build 17.0.4.1+7-b469.62)
# Java VM: OpenJDK 64-Bit Server VM JBR-17.0.4.1+7-469.62-jcef (17.0.4.1+7-b469.62, mixed mode, tiered, compressed oops, compressed class ptrs, g1 gc, windows-amd64)
GC Precious Log:
 CPUs: 8 total, 8 available
 Memory: 7991M
 Large Page Support: Disabled
 NUMA Support: Disabled
 Compressed Oops: Enabled (32-bit)
 Heap Region Size: 1M
 Heap Min Capacity: 8M
 Heap Initial Capacity: 126M
 Heap Max Capacity: 1998M
 Pre-touch: Disabled
 Parallel Workers: 8
 Concurrent Workers: 2
 Concurrent Refinement Workers: 8
 Periodic GC: Disabled
Heap:
 garbage-first heap   total 75776K, used 43522K [0x0000000083200000, 0x0000000100000000)
  region size 1024K, 21 young (21504K), 5 survivors (5120K)
 Metaspace       used 70977K, committed 71360K, reserved 1114112K
  class space    used 9485K, committed 9664K, reserved 1048576K
GC Heap History (20 events):
Event: 1.996 GC heap before
{Heap before GC invocations=9 (full 0):
 garbage-first heap   total 37888K, used 27948K [0x0000000083200000, 0x0000000100000000)
  region size 1024K, 17 young (17408K), 3 survivors (3072K)
 Metaspace       used 35077K, committed 35328K, reserved 1081344K
  class space    used 4254K, committed 4352K, reserved 1048576K
}
Event: 1.998 GC heap after
{Heap after GC invocations=10 (full 0):
 garbage-first heap   total 37888K, used 14753K [0x0000000083200000, 0x0000000100000000)
  region size 1024K, 3 young (3072K), 3 survivors (3072K)
 Metaspace       used 35077K, committed 35328K, reserved 1081344K
  class space    used 4254K, committed 4352K, reserved 1048576K
}
Event: 2.077 GC heap before
{Heap before GC invocations=10 (full 0):
 garbage-first heap   total 37888K, used 18849K [0x0000000083200000, 0x0000000100000000)
  region size 1024K, 8 young (8192K), 3 survivors (3072K)
 Metaspace       used 35778K, committed 35968K, reserved 1081344K
  class space    used 4375K, committed 4480K, reserved 1048576K
}
Event: 2.080 GC heap after
{Heap after GC invocations=11 (full 0):
 garbage-first heap   total 37888K, used 15526K [0x0000000083200000, 0x0000000100000000)
  region size 1024K, 1 young (1024K), 1 survivors (1024K)
 Metaspace       used 35778K, committed 35968K, reserved 1081344K
  class space    used 4375K, committed 4480K, reserved 1048576K
}
Event: 2.367 GC heap before
{Heap before GC invocations=12 (full 0):
 garbage-first heap   total 37888K, used 28838K [0x0000000083200000, 0x0000000100000000)
  region size 1024K, 14 young (14336K), 1 survivors (1024K)
 Metaspace       used 38425K, committed 38656K, reserved 1089536K
  class space    used 4788K, committed 4864K, reserved 1048576K
}
Event: 2.369 GC heap after
{Heap after GC invocations=13 (full 0):
 garbage-first heap   total 37888K, used 16647K [0x0000000083200000, 0x0000000100000000)
  region size 1024K, 2 young (2048K), 2 survivors (2048K)
 Metaspace       used 38425K, committed 38656K, reserved 1089536K
  class space    used 4788K, committed 4864K, reserved 1048576K
}
Event: 2.387 GC heap before
{Heap before GC invocations=13 (full 0):
 garbage-first heap   total 37888K, used 16647K [0x0000000083200000, 0x0000000100000000)
  region size 1024K, 3 young (3072K), 2 survivors (2048K)
 Metaspace       used 38713K, committed 39040K, reserved 1089536K
  class space    used 4819K, committed 4992K, reserved 1048576K
}
Event: 2.389 GC heap after
{Heap after GC invocations=14 (full 0):
 garbage-first heap   total 37888K, used 16728K [0x0000000083200000, 0x0000000100000000)
  region size 1024K, 1 young (1024K), 1 survivors (1024K)
 Metaspace       used 38713K, committed 39040K, reserved 1089536K
  class space    used 4819K, committed 4992K, reserved 1048576K
}
Event: 2.567 GC heap before
{Heap before GC invocations=14 (full 0):
 garbage-first heap   total 37888K, used 29016K [0x0000000083200000, 0x0000000100000000)
  region size 1024K, 13 young (13312K), 1 survivors (1024K)
 Metaspace       used 40603K, committed 40960K, reserved 1089536K
  class space    used 5016K, committed 5184K, reserved 1048576K
}
Event: 2.569 GC heap after
{Heap after GC invocations=15 (full 0):
 garbage-first heap   total 75776K, used 17520K [0x0000000083200000, 0x0000000100000000)
  region size 1024K, 2 young (2048K), 2 survivors (2048K)
 Metaspace       used 40603K, committed 40960K, reserved 1089536K
  class space    used 5016K, committed 5184K, reserved 1048576K
}
Event: 3.353 GC heap before
{Heap before GC invocations=15 (full 0):
 garbage-first heap   total 75776K, used 56432K [0x0000000083200000, 0x0000000100000000)
  region size 1024K, 40 young (40960K), 2 survivors (2048K)
 Metaspace       used 48972K, committed 49280K, reserved 1097728K
  class space    used 6185K, committed 6336K, reserved 1048576K
}
Event: 3.358 GC heap after
{Heap after GC invocations=16 (full 0):
 garbage-first heap   total 75776K, used 20815K [0x0000000083200000, 0x0000000100000000)
  region size 1024K, 5 young (5120K), 5 survivors (5120K)
 Metaspace       used 48972K, committed 49280K, reserved 1097728K
  class space    used 6185K, committed 6336K, reserved 1048576K
}
Event: 4.064 GC heap before
{Heap before GC invocations=16 (full 0):
 garbage-first heap   total 75776K, used 56655K [0x0000000083200000, 0x0000000100000000)
  region size 1024K, 40 young (40960K), 5 survivors (5120K)
 Metaspace       used 58995K, committed 59328K, reserved 1105920K
  class space    used 7782K, committed 7936K, reserved 1048576K
}
Event: 4.069 GC heap after
{Heap after GC invocations=17 (full 0):
 garbage-first heap   total 75776K, used 22608K [0x0000000083200000, 0x0000000100000000)
  region size 1024K, 2 young (2048K), 2 survivors (2048K)
 Metaspace       used 58995K, committed 59328K, reserved 1105920K
  class space    used 7782K, committed 7936K, reserved 1048576K
}
Event: 4.201 GC heap before
{Heap before GC invocations=17 (full 0):
 garbage-first heap   total 75776K, used 30800K [0x0000000083200000, 0x0000000100000000)
  region size 1024K, 11 young (11264K), 2 survivors (2048K)
 Metaspace       used 59876K, committed 60160K, reserved 1105920K
  class space    used 7924K, committed 8064K, reserved 1048576K
}
Event: 4.204 GC heap after
{Heap after GC invocations=18 (full 0):
 garbage-first heap   total 75776K, used 23206K [0x0000000083200000, 0x0000000100000000)
  region size 1024K, 3 young (3072K), 3 survivors (3072K)
 Metaspace       used 59876K, committed 60160K, reserved 1105920K
  class space    used 7924K, committed 8064K, reserved 1048576K
}
Event: 4.740 GC heap before
{Heap before GC invocations=19 (full 0):
 garbage-first heap   total 75776K, used 58022K [0x0000000083200000, 0x0000000100000000)
  region size 1024K, 37 young (37888K), 3 survivors (3072K)
 Metaspace       used 64511K, committed 64896K, reserved 1105920K
  class space    used 8605K, committed 8832K, reserved 1048576K
}
Event: 4.744 GC heap after
{Heap after GC invocations=20 (full 0):
 garbage-first heap   total 75776K, used 25398K [0x0000000083200000, 0x0000000100000000)
  region size 1024K, 5 young (5120K), 5 survivors (5120K)
 Metaspace       used 64511K, committed 64896K, reserved 1105920K
  class space    used 8605K, committed 8832K, reserved 1048576K
}
Event: 5.261 GC heap before
{Heap before GC invocations=20 (full 0):
 garbage-first heap   total 75776K, used 59190K [0x0000000083200000, 0x0000000100000000)
  region size 1024K, 38 young (38912K), 5 survivors (5120K)
 Metaspace       used 67910K, committed 68224K, reserved 1114112K
  class space    used 9103K, committed 9280K, reserved 1048576K
}
Event: 5.267 GC heap after
{Heap after GC invocations=21 (full 0):
 garbage-first heap   total 75776K, used 28162K [0x0000000083200000, 0x0000000100000000)
  region size 1024K, 5 young (5120K), 5 survivors (5120K)
 Metaspace       used 67910K, committed 68224K, reserved 1114112K
  class space    used 9103K, committed 9280K, reserved 1048576K
}

