# JRE version: OpenJDK Runtime Environment JBR-17.0.4.1+7-469.62-jcef (17.0.4.1+7) (build 17.0.4.1+7-b469.62)
# Java VM: OpenJDK 64-Bit Server VM JBR-17.0.4.1+7-469.62-jcef (17.0.4.1+7-b469.62, mixed mode, tiered, compressed oops, compressed class ptrs, g1 gc, windows-amd64)
GC Precious Log:
 CPUs: 8 total, 8 available
 Memory: 7991M
 Large Page Support: Disabled
 NUMA Support: Disabled
 Compressed Oops: Enabled (32-bit)
 Heap Region Size: 1M
 Heap Min Capacity: 8M
 Heap Initial Capacity: 126M
 Heap Max Capacity: 1998M
 Pre-touch: Disabled
 Parallel Workers: 8
 Concurrent Workers: 2
 Concurrent Refinement Workers: 8
 Periodic GC: Disabled
Heap:
 garbage-first heap   total 66560K, used 37568K [0x0000000083200000, 0x0000000100000000)
  region size 1024K, 9 young (9216K), 1 survivors (1024K)
 Metaspace       used 78819K, committed 79168K, reserved 1122304K
  class space    used 10126K, committed 10304K, reserved 1048576K
GC Heap History (20 events):
Event: 2486.986 GC heap before
{Heap before GC invocations=36 (full 0):
 garbage-first heap   total 66560K, used 33127K [0x0000000083200000, 0x0000000100000000)
  region size 1024K, 3 young (3072K), 2 survivors (2048K)
 Metaspace       used 76123K, committed 76480K, reserved 1122304K
  class space    used 10018K, committed 10176K, reserved 1048576K
}
Event: 2486.996 GC heap after
{Heap after GC invocations=37 (full 0):
 garbage-first heap   total 66560K, used 31662K [0x0000000083200000, 0x0000000100000000)
  region size 1024K, 1 young (1024K), 1 survivors (1024K)
 Metaspace       used 76123K, committed 76480K, reserved 1122304K
  class space    used 10018K, committed 10176K, reserved 1048576K
}
Event: 2946.154 GC heap before
{Heap before GC invocations=37 (full 0):
 garbage-first heap   total 66560K, used 55214K [0x0000000083200000, 0x0000000100000000)
  region size 1024K, 24 young (24576K), 1 survivors (1024K)
 Metaspace       used 77100K, committed 77504K, reserved 1122304K
  class space    used 10129K, committed 10304K, reserved 1048576K
}
Event: 2946.158 GC heap after
{Heap after GC invocations=38 (full 0):
 garbage-first heap   total 66560K, used 31823K [0x0000000083200000, 0x0000000100000000)
  region size 1024K, 1 young (1024K), 1 survivors (1024K)
 Metaspace       used 77100K, committed 77504K, reserved 1122304K
  class space    used 10129K, committed 10304K, reserved 1048576K
}
Event: 3529.025 GC heap before
{Heap before GC invocations=39 (full 0):
 garbage-first heap   total 66560K, used 55375K [0x0000000083200000, 0x0000000100000000)
  region size 1024K, 24 young (24576K), 1 survivors (1024K)
 Metaspace       used 77223K, committed 77632K, reserved 1122304K
  class space    used 10115K, committed 10304K, reserved 1048576K
}
Event: 3529.027 GC heap after
{Heap after GC invocations=40 (full 0):
 garbage-first heap   total 66560K, used 31839K [0x0000000083200000, 0x0000000100000000)
  region size 1024K, 1 young (1024K), 1 survivors (1024K)
 Metaspace       used 77223K, committed 77632K, reserved 1122304K
  class space    used 10115K, committed 10304K, reserved 1048576K
}
Event: 3565.477 GC heap before
{Heap before GC invocations=40 (full 0):
 garbage-first heap   total 66560K, used 33887K [0x0000000083200000, 0x0000000100000000)
  region size 1024K, 3 young (3072K), 1 survivors (1024K)
 Metaspace       used 77226K, committed 77632K, reserved 1122304K
  class space    used 10115K, committed 10304K, reserved 1048576K
}
Event: 3565.489 GC heap after
{Heap after GC invocations=41 (full 0):
 garbage-first heap   total 66560K, used 30454K [0x0000000083200000, 0x0000000100000000)
  region size 1024K, 1 young (1024K), 1 survivors (1024K)
 Metaspace       used 77226K, committed 77632K, reserved 1122304K
  class space    used 10115K, committed 10304K, reserved 1048576K
}
Event: 4093.007 GC heap before
{Heap before GC invocations=41 (full 0):
 garbage-first heap   total 66560K, used 55030K [0x0000000083200000, 0x0000000100000000)
  region size 1024K, 25 young (25600K), 1 survivors (1024K)
 Metaspace       used 77584K, committed 78016K, reserved 1122304K
  class space    used 10115K, committed 10304K, reserved 1048576K
}
Event: 4093.014 GC heap after
{Heap after GC invocations=42 (full 0):
 garbage-first heap   total 66560K, used 30830K [0x0000000083200000, 0x0000000100000000)
  region size 1024K, 1 young (1024K), 1 survivors (1024K)
 Metaspace       used 77584K, committed 78016K, reserved 1122304K
  class space    used 10115K, committed 10304K, reserved 1048576K
}
Event: 4578.283 GC heap before
{Heap before GC invocations=43 (full 0):
 garbage-first heap   total 66560K, used 55406K [0x0000000083200000, 0x0000000100000000)
  region size 1024K, 25 young (25600K), 1 survivors (1024K)
 Metaspace       used 78043K, committed 78400K, reserved 1122304K
  class space    used 10117K, committed 10304K, reserved 1048576K
}
Event: 4578.285 GC heap after
{Heap after GC invocations=44 (full 0):
 garbage-first heap   total 66560K, used 30854K [0x0000000083200000, 0x0000000100000000)
  region size 1024K, 1 young (1024K), 1 survivors (1024K)
 Metaspace       used 78043K, committed 78400K, reserved 1122304K
  class space    used 10117K, committed 10304K, reserved 1048576K
}
Event: 4625.182 GC heap before
{Heap before GC invocations=44 (full 0):
 garbage-first heap   total 66560K, used 32902K [0x0000000083200000, 0x0000000100000000)
  region size 1024K, 3 young (3072K), 1 survivors (1024K)
 Metaspace       used 78048K, committed 78400K, reserved 1122304K
  class space    used 10117K, committed 10304K, reserved 1048576K
}
Event: 4625.194 GC heap after
{Heap after GC invocations=45 (full 0):
 garbage-first heap   total 66560K, used 30524K [0x0000000083200000, 0x0000000100000000)
  region size 1024K, 1 young (1024K), 1 survivors (1024K)
 Metaspace       used 78048K, committed 78400K, reserved 1122304K
  class space    used 10117K, committed 10304K, reserved 1048576K
}
Event: 5114.689 GC heap before
{Heap before GC invocations=45 (full 0):
 garbage-first heap   total 66560K, used 56124K [0x0000000083200000, 0x0000000100000000)
  region size 1024K, 26 young (26624K), 1 survivors (1024K)
 Metaspace       used 78456K, committed 78848K, reserved 1122304K
  class space    used 10126K, committed 10304K, reserved 1048576K
}
Event: 5114.696 GC heap after
{Heap after GC invocations=46 (full 0):
 garbage-first heap   total 66560K, used 30653K [0x0000000083200000, 0x0000000100000000)
  region size 1024K, 1 young (1024K), 1 survivors (1024K)
 Metaspace       used 78456K, committed 78848K, reserved 1122304K
  class space    used 10126K, committed 10304K, reserved 1048576K
}
Event: 5631.021 GC heap before
{Heap before GC invocations=47 (full 0):
 garbage-first heap   total 66560K, used 56253K [0x0000000083200000, 0x0000000100000000)
  region size 1024K, 26 young (26624K), 1 survivors (1024K)
 Metaspace       used 78815K, committed 79168K, reserved 1122304K
  class space    used 10126K, committed 10304K, reserved 1048576K
}
Event: 5631.026 GC heap after
{Heap after GC invocations=48 (full 0):
 garbage-first heap   total 66560K, used 31093K [0x0000000083200000, 0x0000000100000000)
  region size 1024K, 1 young (1024K), 1 survivors (1024K)
 Metaspace       used 78815K, committed 79168K, reserved 1122304K
  class space    used 10126K, committed 10304K, reserved 1048576K
}
Event: 5686.141 GC heap before
{Heap before GC invocations=48 (full 0):
 garbage-first heap   total 66560K, used 33141K [0x0000000083200000, 0x0000000100000000)
  region size 1024K, 3 young (3072K), 1 survivors (1024K)
 Metaspace       used 78815K, committed 79168K, reserved 1122304K
  class space    used 10126K, committed 10304K, reserved 1048576K
}
Event: 5686.158 GC heap after
{Heap after GC invocations=49 (full 0):
 garbage-first heap   total 66560K, used 30400K [0x0000000083200000, 0x0000000100000000)
  region size 1024K, 1 young (1024K), 1 survivors (1024K)
 Metaspace       used 78815K, committed 79168K, reserved 1122304K
  class space    used 10126K, committed 10304K, reserved 1048576K
}

