# JRE version: OpenJDK Runtime Environment JBR-17.0.4.1+7-469.62-jcef (17.0.4.1+7) (build 17.0.4.1+7-b469.62)
# Java VM: OpenJDK 64-Bit Server VM JBR-17.0.4.1+7-469.62-jcef (17.0.4.1+7-b469.62, mixed mode, tiered, compressed oops, compressed class ptrs, g1 gc, windows-amd64)
GC Precious Log:
 CPUs: 8 total, 8 available
 Memory: 7991M
 Large Page Support: Disabled
 NUMA Support: Disabled
 Compressed Oops: Enabled (32-bit)
 Heap Region Size: 1M
 Heap Min Capacity: 8M
 Heap Initial Capacity: 126M
 Heap Max Capacity: 1998M
 Pre-touch: Disabled
 Parallel Workers: 8
 Concurrent Workers: 2
 Concurrent Refinement Workers: 8
 Periodic GC: Disabled
Heap:
 garbage-first heap   total 81920K, used 52641K [0x0000000083200000, 0x0000000100000000)
  region size 1024K, 25 young (25600K), 3 survivors (3072K)
 Metaspace       used 78041K, committed 78464K, reserved 1122304K
  class space    used 10151K, committed 10368K, reserved 1048576K
GC Heap History (20 events):
Event: 3.383 GC heap before
{Heap before GC invocations=12 (full 0):
 garbage-first heap   total 40960K, used 18464K [0x0000000083200000, 0x0000000100000000)
  region size 1024K, 3 young (3072K), 2 survivors (2048K)
 Metaspace       used 39610K, committed 39872K, reserved 1089536K
  class space    used 4905K, committed 5056K, reserved 1048576K
}
Event: 3.386 GC heap after
{Heap after GC invocations=13 (full 0):
 garbage-first heap   total 40960K, used 17165K [0x0000000083200000, 0x0000000100000000)
  region size 1024K, 1 young (1024K), 1 survivors (1024K)
 Metaspace       used 39610K, committed 39872K, reserved 1089536K
  class space    used 4905K, committed 5056K, reserved 1048576K
}
Event: 3.650 GC heap before
{Heap before GC invocations=13 (full 0):
 garbage-first heap   total 40960K, used 30477K [0x0000000083200000, 0x0000000100000000)
  region size 1024K, 15 young (15360K), 1 survivors (1024K)
 Metaspace       used 41200K, committed 41536K, reserved 1089536K
  class space    used 5107K, committed 5312K, reserved 1048576K
}
Event: 3.652 GC heap after
{Heap after GC invocations=14 (full 0):
 garbage-first heap   total 81920K, used 17973K [0x0000000083200000, 0x0000000100000000)
  region size 1024K, 2 young (2048K), 2 survivors (2048K)
 Metaspace       used 41200K, committed 41536K, reserved 1089536K
  class space    used 5107K, committed 5312K, reserved 1048576K
}
Event: 4.548 GC heap before
{Heap before GC invocations=14 (full 0):
 garbage-first heap   total 81920K, used 55861K [0x0000000083200000, 0x0000000100000000)
  region size 1024K, 39 young (39936K), 2 survivors (2048K)
 Metaspace       used 50263K, committed 50560K, reserved 1097728K
  class space    used 6444K, committed 6592K, reserved 1048576K
}
Event: 4.553 GC heap after
{Heap after GC invocations=15 (full 0):
 garbage-first heap   total 81920K, used 21121K [0x0000000083200000, 0x0000000100000000)
  region size 1024K, 5 young (5120K), 5 survivors (5120K)
 Metaspace       used 50263K, committed 50560K, reserved 1097728K
  class space    used 6444K, committed 6592K, reserved 1048576K
}
Event: 5.282 GC heap before
{Heap before GC invocations=15 (full 0):
 garbage-first heap   total 81920K, used 59009K [0x0000000083200000, 0x0000000100000000)
  region size 1024K, 42 young (43008K), 5 survivors (5120K)
 Metaspace       used 59797K, committed 60096K, reserved 1105920K
  class space    used 7917K, committed 8064K, reserved 1048576K
}
Event: 5.287 GC heap after
{Heap after GC invocations=16 (full 0):
 garbage-first heap   total 81920K, used 23000K [0x0000000083200000, 0x0000000100000000)
  region size 1024K, 2 young (2048K), 2 survivors (2048K)
 Metaspace       used 59797K, committed 60096K, reserved 1105920K
  class space    used 7917K, committed 8064K, reserved 1048576K
}
Event: 5.350 GC heap before
{Heap before GC invocations=16 (full 0):
 garbage-first heap   total 81920K, used 27096K [0x0000000083200000, 0x0000000100000000)
  region size 1024K, 7 young (7168K), 2 survivors (2048K)
 Metaspace       used 60205K, committed 60480K, reserved 1105920K
  class space    used 7953K, committed 8064K, reserved 1048576K
}
Event: 5.352 GC heap after
{Heap after GC invocations=17 (full 0):
 garbage-first heap   total 81920K, used 23546K [0x0000000083200000, 0x0000000100000000)
  region size 1024K, 3 young (3072K), 3 survivors (3072K)
 Metaspace       used 60205K, committed 60480K, reserved 1105920K
  class space    used 7953K, committed 8064K, reserved 1048576K
}
Event: 5.944 GC heap before
{Heap before GC invocations=18 (full 0):
 garbage-first heap   total 81920K, used 60410K [0x0000000083200000, 0x0000000100000000)
  region size 1024K, 39 young (39936K), 3 survivors (3072K)
 Metaspace       used 64811K, committed 65152K, reserved 1105920K
  class space    used 8655K, committed 8832K, reserved 1048576K
}
Event: 5.948 GC heap after
{Heap after GC invocations=19 (full 0):
 garbage-first heap   total 81920K, used 25638K [0x0000000083200000, 0x0000000100000000)
  region size 1024K, 5 young (5120K), 5 survivors (5120K)
 Metaspace       used 64811K, committed 65152K, reserved 1105920K
  class space    used 8655K, committed 8832K, reserved 1048576K
}
Event: 5.961 GC heap before
{Heap before GC invocations=19 (full 0):
 garbage-first heap   total 81920K, used 26662K [0x0000000083200000, 0x0000000100000000)
  region size 1024K, 6 young (6144K), 5 survivors (5120K)
 Metaspace       used 64858K, committed 65216K, reserved 1105920K
  class space    used 8662K, committed 8832K, reserved 1048576K
}
Event: 5.965 GC heap after
{Heap after GC invocations=20 (full 0):
 garbage-first heap   total 81920K, used 25944K [0x0000000083200000, 0x0000000100000000)
  region size 1024K, 1 young (1024K), 1 survivors (1024K)
 Metaspace       used 64858K, committed 65216K, reserved 1105920K
  class space    used 8662K, committed 8832K, reserved 1048576K
}
Event: 7.113 GC heap before
{Heap before GC invocations=20 (full 0):
 garbage-first heap   total 81920K, used 62808K [0x0000000083200000, 0x0000000100000000)
  region size 1024K, 37 young (37888K), 1 survivors (1024K)
 Metaspace       used 68683K, committed 68992K, reserved 1114112K
  class space    used 9196K, committed 9344K, reserved 1048576K
}
Event: 7.116 GC heap after
{Heap after GC invocations=21 (full 0):
 garbage-first heap   total 81920K, used 28429K [0x0000000083200000, 0x0000000100000000)
  region size 1024K, 4 young (4096K), 4 survivors (4096K)
 Metaspace       used 68683K, committed 68992K, reserved 1114112K
  class space    used 9196K, committed 9344K, reserved 1048576K
}
Event: 116.956 GC heap before
{Heap before GC invocations=21 (full 0):
 garbage-first heap   total 81920K, used 62221K [0x0000000083200000, 0x0000000100000000)
  region size 1024K, 38 young (38912K), 4 survivors (4096K)
 Metaspace       used 76311K, committed 76672K, reserved 1122304K
  class space    used 10114K, committed 10304K, reserved 1048576K
}
Event: 116.959 GC heap after
{Heap after GC invocations=22 (full 0):
 garbage-first heap   total 81920K, used 30929K [0x0000000083200000, 0x0000000100000000)
  region size 1024K, 3 young (3072K), 3 survivors (3072K)
 Metaspace       used 76311K, committed 76672K, reserved 1122304K
  class space    used 10114K, committed 10304K, reserved 1048576K
}
Event: 753.412 GC heap before
{Heap before GC invocations=22 (full 0):
 garbage-first heap   total 81920K, used 64721K [0x0000000083200000, 0x0000000100000000)
  region size 1024K, 36 young (36864K), 3 survivors (3072K)
 Metaspace       used 77453K, committed 77824K, reserved 1122304K
  class space    used 10147K, committed 10304K, reserved 1048576K
}
Event: 753.415 GC heap after
{Heap after GC invocations=23 (full 0):
 garbage-first heap   total 81920K, used 31137K [0x0000000083200000, 0x0000000100000000)
  region size 1024K, 3 young (3072K), 3 survivors (3072K)
 Metaspace       used 77453K, committed 77824K, reserved 1122304K
  class space    used 10147K, committed 10304K, reserved 1048576K
}

