# JRE version: OpenJDK Runtime Environment JBR-17.0.4.1+7-469.62-jcef (17.0.4.1+7) (build 17.0.4.1+7-b469.62)
# Java VM: OpenJDK 64-Bit Server VM JBR-17.0.4.1+7-469.62-jcef (17.0.4.1+7-b469.62, mixed mode, tiered, compressed oops, compressed class ptrs, g1 gc, windows-amd64)
GC Precious Log:
 CPUs: 8 total, 8 available
 Memory: 7991M
 Large Page Support: Disabled
 NUMA Support: Disabled
 Compressed Oops: Enabled (32-bit)
 Heap Region Size: 1M
 Heap Min Capacity: 8M
 Heap Initial Capacity: 126M
 Heap Max Capacity: 1998M
 Pre-touch: Disabled
 Parallel Workers: 8
 Concurrent Workers: 2
 Concurrent Refinement Workers: 8
 Periodic GC: Disabled
Heap:
 garbage-first heap   total 75776K, used 38041K [0x0000000083200000, 0x0000000100000000)
  region size 1024K, 19 young (19456K), 3 survivors (3072K)
 Metaspace       used 61773K, committed 62080K, reserved 1105920K
  class space    used 8240K, committed 8384K, reserved 1048576K
GC Heap History (20 events):
Event: 1.932 GC heap before
{Heap before GC invocations=6 (full 0):
 garbage-first heap   total 37888K, used 26980K [0x0000000083200000, 0x0000000100000000)
  region size 1024K, 17 young (17408K), 2 survivors (2048K)
 Metaspace       used 30140K, committed 30400K, reserved 1081344K
  class space    used 3560K, committed 3712K, reserved 1048576K
}
Event: 1.933 GC heap after
{Heap after GC invocations=7 (full 0):
 garbage-first heap   total 37888K, used 12591K [0x0000000083200000, 0x0000000100000000)
  region size 1024K, 3 young (3072K), 3 survivors (3072K)
 Metaspace       used 30140K, committed 30400K, reserved 1081344K
  class space    used 3560K, committed 3712K, reserved 1048576K
}
Event: 2.255 GC heap before
{Heap before GC invocations=7 (full 0):
 garbage-first heap   total 37888K, used 27951K [0x0000000083200000, 0x0000000100000000)
  region size 1024K, 18 young (18432K), 3 survivors (3072K)
 Metaspace       used 32375K, committed 32704K, reserved 1081344K
  class space    used 3875K, committed 4032K, reserved 1048576K
}
Event: 2.257 GC heap after
{Heap after GC invocations=8 (full 0):
 garbage-first heap   total 37888K, used 13495K [0x0000000083200000, 0x0000000100000000)
  region size 1024K, 3 young (3072K), 3 survivors (3072K)
 Metaspace       used 32375K, committed 32704K, reserved 1081344K
  class space    used 3875K, committed 4032K, reserved 1048576K
}
Event: 2.594 GC heap before
{Heap before GC invocations=8 (full 0):
 garbage-first heap   total 37888K, used 27831K [0x0000000083200000, 0x0000000100000000)
  region size 1024K, 17 young (17408K), 3 survivors (3072K)
 Metaspace       used 34952K, committed 35200K, reserved 1081344K
  class space    used 4234K, committed 4352K, reserved 1048576K
}
Event: 2.598 GC heap after
{Heap after GC invocations=9 (full 0):
 garbage-first heap   total 37888K, used 14779K [0x0000000083200000, 0x0000000100000000)
  region size 1024K, 3 young (3072K), 3 survivors (3072K)
 Metaspace       used 34952K, committed 35200K, reserved 1081344K
  class space    used 4234K, committed 4352K, reserved 1048576K
}
Event: 2.698 GC heap before
{Heap before GC invocations=9 (full 0):
 garbage-first heap   total 37888K, used 18875K [0x0000000083200000, 0x0000000100000000)
  region size 1024K, 8 young (8192K), 3 survivors (3072K)
 Metaspace       used 35772K, committed 35968K, reserved 1081344K
  class space    used 4372K, committed 4480K, reserved 1048576K
}
Event: 2.701 GC heap after
{Heap after GC invocations=10 (full 0):
 garbage-first heap   total 37888K, used 15313K [0x0000000083200000, 0x0000000100000000)
  region size 1024K, 1 young (1024K), 1 survivors (1024K)
 Metaspace       used 35772K, committed 35968K, reserved 1081344K
  class space    used 4372K, committed 4480K, reserved 1048576K
}
Event: 3.005 GC heap before
{Heap before GC invocations=11 (full 0):
 garbage-first heap   total 37888K, used 28625K [0x0000000083200000, 0x0000000100000000)
  region size 1024K, 14 young (14336K), 1 survivors (1024K)
 Metaspace       used 38364K, committed 38592K, reserved 1089536K
  class space    used 4783K, committed 4864K, reserved 1048576K
}
Event: 3.007 GC heap after
{Heap after GC invocations=12 (full 0):
 garbage-first heap   total 37888K, used 16706K [0x0000000083200000, 0x0000000100000000)
  region size 1024K, 2 young (2048K), 2 survivors (2048K)
 Metaspace       used 38364K, committed 38592K, reserved 1089536K
  class space    used 4783K, committed 4864K, reserved 1048576K
}
Event: 3.029 GC heap before
{Heap before GC invocations=12 (full 0):
 garbage-first heap   total 37888K, used 17730K [0x0000000083200000, 0x0000000100000000)
  region size 1024K, 3 young (3072K), 2 survivors (2048K)
 Metaspace       used 38683K, committed 39040K, reserved 1089536K
  class space    used 4815K, committed 4992K, reserved 1048576K
}
Event: 3.031 GC heap after
{Heap after GC invocations=13 (full 0):
 garbage-first heap   total 37888K, used 16718K [0x0000000083200000, 0x0000000100000000)
  region size 1024K, 1 young (1024K), 1 survivors (1024K)
 Metaspace       used 38683K, committed 39040K, reserved 1089536K
  class space    used 4815K, committed 4992K, reserved 1048576K
}
Event: 3.302 GC heap before
{Heap before GC invocations=13 (full 0):
 garbage-first heap   total 37888K, used 29006K [0x0000000083200000, 0x0000000100000000)
  region size 1024K, 13 young (13312K), 1 survivors (1024K)
 Metaspace       used 40593K, committed 40896K, reserved 1089536K
  class space    used 5013K, committed 5184K, reserved 1048576K
}
Event: 3.304 GC heap after
{Heap after GC invocations=14 (full 0):
 garbage-first heap   total 75776K, used 17496K [0x0000000083200000, 0x0000000100000000)
  region size 1024K, 2 young (2048K), 2 survivors (2048K)
 Metaspace       used 40593K, committed 40896K, reserved 1089536K
  class space    used 5013K, committed 5184K, reserved 1048576K
}
Event: 5.104 GC heap before
{Heap before GC invocations=14 (full 0):
 garbage-first heap   total 75776K, used 55384K [0x0000000083200000, 0x0000000100000000)
  region size 1024K, 39 young (39936K), 2 survivors (2048K)
 Metaspace       used 48829K, committed 49152K, reserved 1097728K
  class space    used 6264K, committed 6400K, reserved 1048576K
}
Event: 5.109 GC heap after
{Heap after GC invocations=15 (full 0):
 garbage-first heap   total 75776K, used 19863K [0x0000000083200000, 0x0000000100000000)
  region size 1024K, 4 young (4096K), 4 survivors (4096K)
 Metaspace       used 48829K, committed 49152K, reserved 1097728K
  class space    used 6264K, committed 6400K, reserved 1048576K
}
Event: 7.043 GC heap before
{Heap before GC invocations=15 (full 0):
 garbage-first heap   total 75776K, used 56727K [0x0000000083200000, 0x0000000100000000)
  region size 1024K, 40 young (40960K), 4 survivors (4096K)
 Metaspace       used 58302K, committed 58624K, reserved 1105920K
  class space    used 7725K, committed 7872K, reserved 1048576K
}
Event: 7.047 GC heap after
{Heap after GC invocations=16 (full 0):
 garbage-first heap   total 75776K, used 21645K [0x0000000083200000, 0x0000000100000000)
  region size 1024K, 5 young (5120K), 5 survivors (5120K)
 Metaspace       used 58302K, committed 58624K, reserved 1105920K
  class space    used 7725K, committed 7872K, reserved 1048576K
}
Event: 7.316 GC heap before
{Heap before GC invocations=16 (full 0):
 garbage-first heap   total 75776K, used 32909K [0x0000000083200000, 0x0000000100000000)
  region size 1024K, 17 young (17408K), 5 survivors (5120K)
 Metaspace       used 59823K, committed 60096K, reserved 1105920K
  class space    used 7896K, committed 8064K, reserved 1048576K
}
Event: 7.320 GC heap after
{Heap after GC invocations=17 (full 0):
 garbage-first heap   total 75776K, used 22681K [0x0000000083200000, 0x0000000100000000)
  region size 1024K, 3 young (3072K), 3 survivors (3072K)
 Metaspace       used 59823K, committed 60096K, reserved 1105920K
  class space    used 7896K, committed 8064K, reserved 1048576K
}

