# JRE version: OpenJDK Runtime Environment JBR-17.0.4.1+7-469.62-jcef (17.0.4.1+7) (build 17.0.4.1+7-b469.62)
# Java VM: OpenJDK 64-Bit Server VM JBR-17.0.4.1+7-469.62-jcef (17.0.4.1+7-b469.62, mixed mode, tiered, compressed oops, compressed class ptrs, g1 gc, windows-amd64)
GC Precious Log:
 CPUs: 8 total, 8 available
 Memory: 7991M
 Large Page Support: Disabled
 NUMA Support: Disabled
 Compressed Oops: Enabled (32-bit)
 Heap Region Size: 1M
 Heap Min Capacity: 8M
 Heap Initial Capacity: 126M
 Heap Max Capacity: 1998M
 Pre-touch: Disabled
 Parallel Workers: 8
 Concurrent Workers: 2
 Concurrent Refinement Workers: 8
 Periodic GC: Disabled
Heap:
 garbage-first heap   total 37888K, used 17714K [0x0000000083200000, 0x0000000100000000)
  region size 1024K, 2 young (2048K), 2 survivors (2048K)
 Metaspace       used 40518K, committed 40832K, reserved 1089536K
  class space    used 5008K, committed 5184K, reserved 1048576K
GC Heap History (20 events):
Event: 0.863 GC heap after
{Heap after GC invocations=2 (full 0):
 garbage-first heap   total 129024K, used 9433K [0x0000000083200000, 0x0000000100000000)
  region size 1024K, 2 young (2048K), 2 survivors (2048K)
 Metaspace       used 21322K, committed 21504K, reserved 1073152K
  class space    used 2430K, committed 2560K, reserved 1048576K
}
Event: 1.020 GC heap before
{Heap before GC invocations=3 (full 0):
 garbage-first heap   total 37888K, used 26841K [0x0000000083200000, 0x0000000100000000)
  region size 1024K, 20 young (20480K), 2 survivors (2048K)
 Metaspace       used 25424K, committed 25600K, reserved 1073152K
  class space    used 2994K, committed 3072K, reserved 1048576K
}
Event: 1.022 GC heap after
{Heap after GC invocations=4 (full 0):
 garbage-first heap   total 37888K, used 10490K [0x0000000083200000, 0x0000000100000000)
  region size 1024K, 3 young (3072K), 3 survivors (3072K)
 Metaspace       used 25424K, committed 25600K, reserved 1073152K
  class space    used 2994K, committed 3072K, reserved 1048576K
}
Event: 1.028 GC heap before
{Heap before GC invocations=4 (full 0):
 garbage-first heap   total 37888K, used 11514K [0x0000000083200000, 0x0000000100000000)
  region size 1024K, 4 young (4096K), 3 survivors (3072K)
 Metaspace       used 25551K, committed 25728K, reserved 1073152K
  class space    used 3003K, committed 3072K, reserved 1048576K
}
Event: 1.030 GC heap after
{Heap after GC invocations=5 (full 0):
 garbage-first heap   total 37888K, used 10713K [0x0000000083200000, 0x0000000100000000)
  region size 1024K, 1 young (1024K), 1 survivors (1024K)
 Metaspace       used 25551K, committed 25728K, reserved 1073152K
  class space    used 3003K, committed 3072K, reserved 1048576K
}
Event: 1.138 GC heap before
{Heap before GC invocations=5 (full 0):
 garbage-first heap   total 37888K, used 26073K [0x0000000083200000, 0x0000000100000000)
  region size 1024K, 16 young (16384K), 1 survivors (1024K)
 Metaspace       used 28688K, committed 28928K, reserved 1081344K
  class space    used 3372K, committed 3520K, reserved 1048576K
}
Event: 1.140 GC heap after
{Heap after GC invocations=6 (full 0):
 garbage-first heap   total 37888K, used 11640K [0x0000000083200000, 0x0000000100000000)
  region size 1024K, 2 young (2048K), 2 survivors (2048K)
 Metaspace       used 28688K, committed 28928K, reserved 1081344K
  class space    used 3372K, committed 3520K, reserved 1048576K
}
Event: 1.344 GC heap before
{Heap before GC invocations=6 (full 0):
 garbage-first heap   total 37888K, used 27000K [0x0000000083200000, 0x0000000100000000)
  region size 1024K, 17 young (17408K), 2 survivors (2048K)
 Metaspace       used 30126K, committed 30400K, reserved 1081344K
  class space    used 3563K, committed 3712K, reserved 1048576K
}
Event: 1.345 GC heap after
{Heap after GC invocations=7 (full 0):
 garbage-first heap   total 37888K, used 12648K [0x0000000083200000, 0x0000000100000000)
  region size 1024K, 3 young (3072K), 3 survivors (3072K)
 Metaspace       used 30126K, committed 30400K, reserved 1081344K
  class space    used 3563K, committed 3712K, reserved 1048576K
}
Event: 1.596 GC heap before
{Heap before GC invocations=7 (full 0):
 garbage-first heap   total 37888K, used 26984K [0x0000000083200000, 0x0000000100000000)
  region size 1024K, 18 young (18432K), 3 survivors (3072K)
 Metaspace       used 32290K, committed 32640K, reserved 1081344K
  class space    used 3866K, committed 4032K, reserved 1048576K
}
Event: 1.598 GC heap after
{Heap after GC invocations=8 (full 0):
 garbage-first heap   total 37888K, used 13574K [0x0000000083200000, 0x0000000100000000)
  region size 1024K, 3 young (3072K), 3 survivors (3072K)
 Metaspace       used 32290K, committed 32640K, reserved 1081344K
  class space    used 3866K, committed 4032K, reserved 1048576K
}
Event: 1.886 GC heap before
{Heap before GC invocations=8 (full 0):
 garbage-first heap   total 37888K, used 27910K [0x0000000083200000, 0x0000000100000000)
  region size 1024K, 17 young (17408K), 3 survivors (3072K)
 Metaspace       used 34766K, committed 35072K, reserved 1081344K
  class space    used 4206K, committed 4352K, reserved 1048576K
}
Event: 1.888 GC heap after
{Heap after GC invocations=9 (full 0):
 garbage-first heap   total 37888K, used 14746K [0x0000000083200000, 0x0000000100000000)
  region size 1024K, 3 young (3072K), 3 survivors (3072K)
 Metaspace       used 34766K, committed 35072K, reserved 1081344K
  class space    used 4206K, committed 4352K, reserved 1048576K
}
Event: 2.002 GC heap before
{Heap before GC invocations=9 (full 0):
 garbage-first heap   total 37888K, used 19866K [0x0000000083200000, 0x0000000100000000)
  region size 1024K, 9 young (9216K), 3 survivors (3072K)
 Metaspace       used 35782K, committed 35968K, reserved 1081344K
  class space    used 4374K, committed 4480K, reserved 1048576K
}
Event: 2.005 GC heap after
{Heap after GC invocations=10 (full 0):
 garbage-first heap   total 37888K, used 15543K [0x0000000083200000, 0x0000000100000000)
  region size 1024K, 1 young (1024K), 1 survivors (1024K)
 Metaspace       used 35782K, committed 35968K, reserved 1081344K
  class space    used 4374K, committed 4480K, reserved 1048576K
}
Event: 2.247 GC heap before
{Heap before GC invocations=11 (full 0):
 garbage-first heap   total 37888K, used 27831K [0x0000000083200000, 0x0000000100000000)
  region size 1024K, 13 young (13312K), 1 survivors (1024K)
 Metaspace       used 37967K, committed 38272K, reserved 1089536K
  class space    used 4732K, committed 4864K, reserved 1048576K
}
Event: 2.248 GC heap after
{Heap after GC invocations=12 (full 0):
 garbage-first heap   total 37888K, used 16794K [0x0000000083200000, 0x0000000100000000)
  region size 1024K, 2 young (2048K), 2 survivors (2048K)
 Metaspace       used 37967K, committed 38272K, reserved 1089536K
  class space    used 4732K, committed 4864K, reserved 1048576K
}
Event: 2.303 GC heap before
{Heap before GC invocations=12 (full 0):
 garbage-first heap   total 37888K, used 17818K [0x0000000083200000, 0x0000000100000000)
  region size 1024K, 3 young (3072K), 2 survivors (2048K)
 Metaspace       used 38447K, committed 38656K, reserved 1089536K
  class space    used 4789K, committed 4864K, reserved 1048576K
}
Event: 2.305 GC heap after
{Heap after GC invocations=13 (full 0):
 garbage-first heap   total 37888K, used 16880K [0x0000000083200000, 0x0000000100000000)
  region size 1024K, 1 young (1024K), 1 survivors (1024K)
 Metaspace       used 38447K, committed 38656K, reserved 1089536K
  class space    used 4789K, committed 4864K, reserved 1048576K
}
Event: 2.480 GC heap before
{Heap before GC invocations=13 (full 0):
 garbage-first heap   total 37888K, used 28144K [0x0000000083200000, 0x0000000100000000)
  region size 1024K, 12 young (12288K), 1 survivors (1024K)
 Metaspace       used 40518K, committed 40832K, reserved 1089536K
  class space    used 5008K, committed 5184K, reserved 1048576K
}

