# JRE version: OpenJDK Runtime Environment JBR-17.0.4.1+7-469.62-jcef (17.0.4.1+7) (build 17.0.4.1+7-b469.62)
# Java VM: OpenJDK 64-Bit Server VM JBR-17.0.4.1+7-469.62-jcef (17.0.4.1+7-b469.62, mixed mode, tiered, compressed oops, compressed class ptrs, g1 gc, windows-amd64)
GC Precious Log:
 CPUs: 8 total, 8 available
 Memory: 7991M
 Large Page Support: Disabled
 NUMA Support: Disabled
 Compressed Oops: Enabled (32-bit)
 Heap Region Size: 1M
 Heap Min Capacity: 8M
 Heap Initial Capacity: 126M
 Heap Max Capacity: 1998M
 Pre-touch: Disabled
 Parallel Workers: 8
 Concurrent Workers: 2
 Concurrent Refinement Workers: 8
 Periodic GC: Disabled
Heap:
 garbage-first heap   total 40960K, used 20259K [0x0000000083200000, 0x0000000100000000)
  region size 1024K, 10 young (10240K), 3 survivors (3072K)
 Metaspace       used 34281K, committed 34496K, reserved 1081344K
  class space    used 4142K, committed 4224K, reserved 1048576K
GC Heap History (14 events):
Event: 0.907 GC heap before
{Heap before GC invocations=0 (full 0):
 garbage-first heap   total 129024K, used 23552K [0x0000000083200000, 0x0000000100000000)
  region size 1024K, 23 young (23552K), 0 survivors (0K)
 Metaspace       used 13882K, committed 14016K, reserved 1064960K
  class space    used 1402K, committed 1472K, reserved 1048576K
}
Event: 0.912 GC heap after
{Heap after GC invocations=1 (full 0):
 garbage-first heap   total 129024K, used 7407K [0x0000000083200000, 0x0000000100000000)
  region size 1024K, 3 young (3072K), 3 survivors (3072K)
 Metaspace       used 13882K, committed 14016K, reserved 1064960K
  class space    used 1402K, committed 1472K, reserved 1048576K
}
Event: 1.300 GC heap before
{Heap before GC invocations=1 (full 0):
 garbage-first heap   total 129024K, used 31983K [0x0000000083200000, 0x0000000100000000)
  region size 1024K, 29 young (29696K), 3 survivors (3072K)
 Metaspace       used 21340K, committed 21504K, reserved 1073152K
  class space    used 2413K, committed 2496K, reserved 1048576K
}
Event: 1.304 GC heap after
{Heap after GC invocations=2 (full 0):
 garbage-first heap   total 129024K, used 9991K [0x0000000083200000, 0x0000000100000000)
  region size 1024K, 3 young (3072K), 3 survivors (3072K)
 Metaspace       used 21340K, committed 21504K, reserved 1073152K
  class space    used 2413K, committed 2496K, reserved 1048576K
}
Event: 1.554 GC heap before
{Heap before GC invocations=3 (full 0):
 garbage-first heap   total 40960K, used 27399K [0x0000000083200000, 0x0000000100000000)
  region size 1024K, 22 young (22528K), 3 survivors (3072K)
 Metaspace       used 25686K, committed 25920K, reserved 1073152K
  class space    used 3009K, committed 3136K, reserved 1048576K
}
Event: 1.557 GC heap after
{Heap after GC invocations=4 (full 0):
 garbage-first heap   total 40960K, used 11122K [0x0000000083200000, 0x0000000100000000)
  region size 1024K, 4 young (4096K), 4 survivors (4096K)
 Metaspace       used 25686K, committed 25920K, reserved 1073152K
  class space    used 3009K, committed 3136K, reserved 1048576K
}
Event: 1.569 GC heap before
{Heap before GC invocations=4 (full 0):
 garbage-first heap   total 40960K, used 12146K [0x0000000083200000, 0x0000000100000000)
  region size 1024K, 5 young (5120K), 4 survivors (4096K)
 Metaspace       used 25754K, committed 25984K, reserved 1073152K
  class space    used 3014K, committed 3136K, reserved 1048576K
}
Event: 1.572 GC heap after
{Heap after GC invocations=5 (full 0):
 garbage-first heap   total 40960K, used 11230K [0x0000000083200000, 0x0000000100000000)
  region size 1024K, 1 young (1024K), 1 survivors (1024K)
 Metaspace       used 25754K, committed 25984K, reserved 1073152K
  class space    used 3014K, committed 3136K, reserved 1048576K
}
Event: 1.834 GC heap before
{Heap before GC invocations=5 (full 0):
 garbage-first heap   total 40960K, used 26590K [0x0000000083200000, 0x0000000100000000)
  region size 1024K, 17 young (17408K), 1 survivors (1024K)
 Metaspace       used 29034K, committed 29248K, reserved 1081344K
  class space    used 3410K, committed 3520K, reserved 1048576K
}
Event: 1.836 GC heap after
{Heap after GC invocations=6 (full 0):
 garbage-first heap   total 40960K, used 12097K [0x0000000083200000, 0x0000000100000000)
  region size 1024K, 2 young (2048K), 2 survivors (2048K)
 Metaspace       used 29034K, committed 29248K, reserved 1081344K
  class space    used 3410K, committed 3520K, reserved 1048576K
}
Event: 2.142 GC heap before
{Heap before GC invocations=6 (full 0):
 garbage-first heap   total 40960K, used 28481K [0x0000000083200000, 0x0000000100000000)
  region size 1024K, 18 young (18432K), 2 survivors (2048K)
 Metaspace       used 30502K, committed 30784K, reserved 1081344K
  class space    used 3617K, committed 3776K, reserved 1048576K
}
Event: 2.144 GC heap after
{Heap after GC invocations=7 (full 0):
 garbage-first heap   total 40960K, used 13010K [0x0000000083200000, 0x0000000100000000)
  region size 1024K, 3 young (3072K), 3 survivors (3072K)
 Metaspace       used 30502K, committed 30784K, reserved 1081344K
  class space    used 3617K, committed 3776K, reserved 1048576K
}
Event: 2.662 GC heap before
{Heap before GC invocations=7 (full 0):
 garbage-first heap   total 40960K, used 29394K [0x0000000083200000, 0x0000000100000000)
  region size 1024K, 19 young (19456K), 3 survivors (3072K)
 Metaspace       used 32816K, committed 33088K, reserved 1081344K
  class space    used 3947K, committed 4096K, reserved 1048576K
}
Event: 2.666 GC heap after
{Heap after GC invocations=8 (full 0):
 garbage-first heap   total 40960K, used 14115K [0x0000000083200000, 0x0000000100000000)
  region size 1024K, 3 young (3072K), 3 survivors (3072K)
 Metaspace       used 32816K, committed 33088K, reserved 1081344K
  class space    used 3947K, committed 4096K, reserved 1048576K
}

