# JRE version: OpenJDK Runtime Environment JBR-17.0.4.1+7-469.62-jcef (17.0.4.1+7) (build 17.0.4.1+7-b469.62)
# Java VM: OpenJDK 64-Bit Server VM JBR-17.0.4.1+7-469.62-jcef (17.0.4.1+7-b469.62, mixed mode, tiered, compressed oops, compressed class ptrs, g1 gc, windows-amd64)
GC Precious Log:
 CPUs: 8 total, 8 available
 Memory: 7991M
 Large Page Support: Disabled
 NUMA Support: Disabled
 Compressed Oops: Enabled (32-bit)
 Heap Region Size: 1M
 Heap Min Capacity: 8M
 Heap Initial Capacity: 126M
 Heap Max Capacity: 1998M
 Pre-touch: Disabled
 Parallel Workers: 8
 Concurrent Workers: 2
 Concurrent Refinement Workers: 8
 Periodic GC: Disabled
Heap:
 garbage-first heap   total 70656K, used 53348K [0x0000000083200000, 0x0000000100000000)
  region size 1024K, 27 young (27648K), 3 survivors (3072K)
 Metaspace       used 75770K, committed 76160K, reserved 1122304K
  class space    used 10013K, committed 10176K, reserved 1048576K
GC Heap History (20 events):
Event: 2.505 GC heap before
{Heap before GC invocations=8 (full 0):
 garbage-first heap   total 37888K, used 28733K [0x0000000083200000, 0x0000000100000000)
  region size 1024K, 17 young (17408K), 2 survivors (2048K)
 Metaspace       used 34929K, committed 35200K, reserved 1081344K
  class space    used 4229K, committed 4352K, reserved 1048576K
}
Event: 2.508 GC heap after
{Heap after GC invocations=9 (full 0):
 garbage-first heap   total 37888K, used 14802K [0x0000000083200000, 0x0000000100000000)
  region size 1024K, 3 young (3072K), 3 survivors (3072K)
 Metaspace       used 34929K, committed 35200K, reserved 1081344K
  class space    used 4229K, committed 4352K, reserved 1048576K
}
Event: 2.649 GC heap before
{Heap before GC invocations=9 (full 0):
 garbage-first heap   total 37888K, used 19922K [0x0000000083200000, 0x0000000100000000)
  region size 1024K, 9 young (9216K), 3 survivors (3072K)
 Metaspace       used 35779K, committed 35968K, reserved 1081344K
  class space    used 4373K, committed 4480K, reserved 1048576K
}
Event: 2.653 GC heap after
{Heap after GC invocations=10 (full 0):
 garbage-first heap   total 37888K, used 15404K [0x0000000083200000, 0x0000000100000000)
  region size 1024K, 3 young (3072K), 3 survivors (3072K)
 Metaspace       used 35779K, committed 35968K, reserved 1081344K
  class space    used 4373K, committed 4480K, reserved 1048576K
}
Event: 2.999 GC heap before
{Heap before GC invocations=11 (full 0):
 garbage-first heap   total 37888K, used 27692K [0x0000000083200000, 0x0000000100000000)
  region size 1024K, 15 young (15360K), 3 survivors (3072K)
 Metaspace       used 37796K, committed 38080K, reserved 1089536K
  class space    used 4708K, committed 4864K, reserved 1048576K
}
Event: 3.003 GC heap after
{Heap after GC invocations=12 (full 0):
 garbage-first heap   total 37888K, used 16688K [0x0000000083200000, 0x0000000100000000)
  region size 1024K, 2 young (2048K), 2 survivors (2048K)
 Metaspace       used 37796K, committed 38080K, reserved 1089536K
  class space    used 4708K, committed 4864K, reserved 1048576K
}
Event: 3.086 GC heap before
{Heap before GC invocations=12 (full 0):
 garbage-first heap   total 37888K, used 16688K [0x0000000083200000, 0x0000000100000000)
  region size 1024K, 3 young (3072K), 2 survivors (2048K)
 Metaspace       used 38427K, committed 38656K, reserved 1089536K
  class space    used 4785K, committed 4864K, reserved 1048576K
}
Event: 3.089 GC heap after
{Heap after GC invocations=13 (full 0):
 garbage-first heap   total 70656K, used 16773K [0x0000000083200000, 0x0000000100000000)
  region size 1024K, 1 young (1024K), 1 survivors (1024K)
 Metaspace       used 38427K, committed 38656K, reserved 1089536K
  class space    used 4785K, committed 4864K, reserved 1048576K
}
Event: 3.884 GC heap before
{Heap before GC invocations=13 (full 0):
 garbage-first heap   total 70656K, used 51589K [0x0000000083200000, 0x0000000100000000)
  region size 1024K, 35 young (35840K), 1 survivors (1024K)
 Metaspace       used 44430K, committed 44736K, reserved 1089536K
  class space    used 5494K, committed 5632K, reserved 1048576K
}
Event: 3.889 GC heap after
{Heap after GC invocations=14 (full 0):
 garbage-first heap   total 70656K, used 19623K [0x0000000083200000, 0x0000000100000000)
  region size 1024K, 4 young (4096K), 4 survivors (4096K)
 Metaspace       used 44430K, committed 44736K, reserved 1089536K
  class space    used 5494K, committed 5632K, reserved 1048576K
}
Event: 4.789 GC heap before
{Heap before GC invocations=14 (full 0):
 garbage-first heap   total 70656K, used 50343K [0x0000000083200000, 0x0000000100000000)
  region size 1024K, 34 young (34816K), 4 survivors (4096K)
 Metaspace       used 52990K, committed 53312K, reserved 1097728K
  class space    used 6840K, committed 6976K, reserved 1048576K
}
Event: 4.794 GC heap after
{Heap after GC invocations=15 (full 0):
 garbage-first heap   total 70656K, used 21846K [0x0000000083200000, 0x0000000100000000)
  region size 1024K, 3 young (3072K), 3 survivors (3072K)
 Metaspace       used 52990K, committed 53312K, reserved 1097728K
  class space    used 6840K, committed 6976K, reserved 1048576K
}
Event: 5.343 GC heap before
{Heap before GC invocations=15 (full 0):
 garbage-first heap   total 70656K, used 48470K [0x0000000083200000, 0x0000000100000000)
  region size 1024K, 30 young (30720K), 3 survivors (3072K)
 Metaspace       used 59814K, committed 60096K, reserved 1105920K
  class space    used 7912K, committed 8064K, reserved 1048576K
}
Event: 5.346 GC heap after
{Heap after GC invocations=16 (full 0):
 garbage-first heap   total 70656K, used 23116K [0x0000000083200000, 0x0000000100000000)
  region size 1024K, 4 young (4096K), 4 survivors (4096K)
 Metaspace       used 59814K, committed 60096K, reserved 1105920K
  class space    used 7912K, committed 8064K, reserved 1048576K
}
Event: 5.862 GC heap before
{Heap before GC invocations=17 (full 0):
 garbage-first heap   total 70656K, used 53836K [0x0000000083200000, 0x0000000100000000)
  region size 1024K, 34 young (34816K), 4 survivors (4096K)
 Metaspace       used 63984K, committed 64320K, reserved 1105920K
  class space    used 8516K, committed 8704K, reserved 1048576K
}
Event: 5.867 GC heap after
{Heap after GC invocations=18 (full 0):
 garbage-first heap   total 70656K, used 25311K [0x0000000083200000, 0x0000000100000000)
  region size 1024K, 4 young (4096K), 4 survivors (4096K)
 Metaspace       used 63984K, committed 64320K, reserved 1105920K
  class space    used 8516K, committed 8704K, reserved 1048576K
}
Event: 6.348 GC heap before
{Heap before GC invocations=18 (full 0):
 garbage-first heap   total 70656K, used 55007K [0x0000000083200000, 0x0000000100000000)
  region size 1024K, 33 young (33792K), 4 survivors (4096K)
 Metaspace       used 66969K, committed 67328K, reserved 1114112K
  class space    used 8971K, committed 9152K, reserved 1048576K
}
Event: 6.354 GC heap after
{Heap after GC invocations=19 (full 0):
 garbage-first heap   total 70656K, used 27612K [0x0000000083200000, 0x0000000100000000)
  region size 1024K, 5 young (5120K), 5 survivors (5120K)
 Metaspace       used 66969K, committed 67328K, reserved 1114112K
  class space    used 8971K, committed 9152K, reserved 1048576K
}
Event: 7.079 GC heap before
{Heap before GC invocations=19 (full 0):
 garbage-first heap   total 70656K, used 54236K [0x0000000083200000, 0x0000000100000000)
  region size 1024K, 32 young (32768K), 5 survivors (5120K)
 Metaspace       used 71490K, committed 71872K, reserved 1114112K
  class space    used 9534K, committed 9728K, reserved 1048576K
}
Event: 7.087 GC heap after
{Heap after GC invocations=20 (full 0):
 garbage-first heap   total 70656K, used 29796K [0x0000000083200000, 0x0000000100000000)
  region size 1024K, 3 young (3072K), 3 survivors (3072K)
 Metaspace       used 71490K, committed 71872K, reserved 1114112K
  class space    used 9534K, committed 9728K, reserved 1048576K
}

