# JRE version: OpenJDK Runtime Environment JBR-17.0.4.1+7-469.62-jcef (17.0.4.1+7) (build 17.0.4.1+7-b469.62)
# Java VM: OpenJDK 64-Bit Server VM JBR-17.0.4.1+7-469.62-jcef (17.0.4.1+7-b469.62, mixed mode, tiered, compressed oops, compressed class ptrs, g1 gc, windows-amd64)
GC Precious Log:
 CPUs: 8 total, 8 available
 Memory: 7991M
 Large Page Support: Disabled
 NUMA Support: Disabled
 Compressed Oops: Enabled (32-bit)
 Heap Region Size: 1M
 Heap Min Capacity: 8M
 Heap Initial Capacity: 126M
 Heap Max Capacity: 1998M
 Pre-touch: Disabled
 Parallel Workers: 8
 Concurrent Workers: 2
 Concurrent Refinement Workers: 8
 Periodic GC: Disabled
Heap:
 garbage-first heap   total 66560K, used 48076K [0x0000000083200000, 0x0000000100000000)
  region size 1024K, 20 young (20480K), 3 survivors (3072K)
 Metaspace       used 77473K, committed 77824K, reserved 1122304K
  class space    used 10148K, committed 10304K, reserved 1048576K
GC Heap History (20 events):
Event: 2.619 GC heap before
{Heap before GC invocations=12 (full 0):
 garbage-first heap   total 37888K, used 17645K [0x0000000083200000, 0x0000000100000000)
  region size 1024K, 3 young (3072K), 2 survivors (2048K)
 Metaspace       used 38540K, committed 38848K, reserved 1089536K
  class space    used 4801K, committed 4928K, reserved 1048576K
}
Event: 2.621 GC heap after
{Heap after GC invocations=13 (full 0):
 garbage-first heap   total 66560K, used 16919K [0x0000000083200000, 0x0000000100000000)
  region size 1024K, 1 young (1024K), 1 survivors (1024K)
 Metaspace       used 38540K, committed 38848K, reserved 1089536K
  class space    used 4801K, committed 4928K, reserved 1048576K
}
Event: 3.090 GC heap before
{Heap before GC invocations=13 (full 0):
 garbage-first heap   total 66560K, used 45591K [0x0000000083200000, 0x0000000100000000)
  region size 1024K, 29 young (29696K), 1 survivors (1024K)
 Metaspace       used 42438K, committed 42752K, reserved 1089536K
  class space    used 5272K, committed 5440K, reserved 1048576K
}
Event: 3.092 GC heap after
{Heap after GC invocations=14 (full 0):
 garbage-first heap   total 66560K, used 18822K [0x0000000083200000, 0x0000000100000000)
  region size 1024K, 3 young (3072K), 3 survivors (3072K)
 Metaspace       used 42438K, committed 42752K, reserved 1089536K
  class space    used 5272K, committed 5440K, reserved 1048576K
}
Event: 3.577 GC heap before
{Heap before GC invocations=14 (full 0):
 garbage-first heap   total 66560K, used 46470K [0x0000000083200000, 0x0000000100000000)
  region size 1024K, 30 young (30720K), 3 survivors (3072K)
 Metaspace       used 50296K, committed 50624K, reserved 1097728K
  class space    used 6447K, committed 6592K, reserved 1048576K
}
Event: 3.580 GC heap after
{Heap after GC invocations=15 (full 0):
 garbage-first heap   total 66560K, used 21258K [0x0000000083200000, 0x0000000100000000)
  region size 1024K, 3 young (3072K), 3 survivors (3072K)
 Metaspace       used 50296K, committed 50624K, reserved 1097728K
  class space    used 6447K, committed 6592K, reserved 1048576K
}
Event: 4.025 GC heap before
{Heap before GC invocations=15 (full 0):
 garbage-first heap   total 66560K, used 48906K [0x0000000083200000, 0x0000000100000000)
  region size 1024K, 30 young (30720K), 3 survivors (3072K)
 Metaspace       used 57797K, committed 58112K, reserved 1105920K
  class space    used 7598K, committed 7744K, reserved 1048576K
}
Event: 4.028 GC heap after
{Heap after GC invocations=16 (full 0):
 garbage-first heap   total 66560K, used 22804K [0x0000000083200000, 0x0000000100000000)
  region size 1024K, 2 young (2048K), 2 survivors (2048K)
 Metaspace       used 57797K, committed 58112K, reserved 1105920K
  class space    used 7598K, committed 7744K, reserved 1048576K
}
Event: 4.202 GC heap before
{Heap before GC invocations=16 (full 0):
 garbage-first heap   total 66560K, used 33044K [0x0000000083200000, 0x0000000100000000)
  region size 1024K, 13 young (13312K), 2 survivors (2048K)
 Metaspace       used 59819K, committed 60096K, reserved 1105920K
  class space    used 7917K, committed 8064K, reserved 1048576K
}
Event: 4.204 GC heap after
{Heap after GC invocations=17 (full 0):
 garbage-first heap   total 66560K, used 23258K [0x0000000083200000, 0x0000000100000000)
  region size 1024K, 2 young (2048K), 2 survivors (2048K)
 Metaspace       used 59819K, committed 60096K, reserved 1105920K
  class space    used 7917K, committed 8064K, reserved 1048576K
}
Event: 4.605 GC heap before
{Heap before GC invocations=18 (full 0):
 garbage-first heap   total 66560K, used 51930K [0x0000000083200000, 0x0000000100000000)
  region size 1024K, 30 young (30720K), 2 survivors (2048K)
 Metaspace       used 63618K, committed 64000K, reserved 1105920K
  class space    used 8467K, committed 8640K, reserved 1048576K
}
Event: 4.608 GC heap after
{Heap after GC invocations=19 (full 0):
 garbage-first heap   total 66560K, used 25248K [0x0000000083200000, 0x0000000100000000)
  region size 1024K, 4 young (4096K), 4 survivors (4096K)
 Metaspace       used 63618K, committed 64000K, reserved 1105920K
  class space    used 8467K, committed 8640K, reserved 1048576K
}
Event: 5.039 GC heap before
{Heap before GC invocations=19 (full 0):
 garbage-first heap   total 66560K, used 51872K [0x0000000083200000, 0x0000000100000000)
  region size 1024K, 30 young (30720K), 4 survivors (4096K)
 Metaspace       used 66391K, committed 66752K, reserved 1114112K
  class space    used 8884K, committed 9088K, reserved 1048576K
}
Event: 5.042 GC heap after
{Heap after GC invocations=20 (full 0):
 garbage-first heap   total 66560K, used 27252K [0x0000000083200000, 0x0000000100000000)
  region size 1024K, 4 young (4096K), 4 survivors (4096K)
 Metaspace       used 66391K, committed 66752K, reserved 1114112K
  class space    used 8884K, committed 9088K, reserved 1048576K
}
Event: 5.527 GC heap before
{Heap before GC invocations=20 (full 0):
 garbage-first heap   total 66560K, used 52852K [0x0000000083200000, 0x0000000100000000)
  region size 1024K, 29 young (29696K), 4 survivors (4096K)
 Metaspace       used 69206K, committed 69632K, reserved 1114112K
  class space    used 9249K, committed 9472K, reserved 1048576K
}
Event: 5.532 GC heap after
{Heap after GC invocations=21 (full 0):
 garbage-first heap   total 66560K, used 29249K [0x0000000083200000, 0x0000000100000000)
  region size 1024K, 4 young (4096K), 4 survivors (4096K)
 Metaspace       used 69206K, committed 69632K, reserved 1114112K
  class space    used 9249K, committed 9472K, reserved 1048576K
}
Event: 40.607 GC heap before
{Heap before GC invocations=21 (full 0):
 garbage-first heap   total 66560K, used 51777K [0x0000000083200000, 0x0000000100000000)
  region size 1024K, 27 young (27648K), 4 survivors (4096K)
 Metaspace       used 74981K, committed 75328K, reserved 1122304K
  class space    used 9953K, committed 10112K, reserved 1048576K
}
Event: 40.611 GC heap after
{Heap after GC invocations=22 (full 0):
 garbage-first heap   total 66560K, used 31005K [0x0000000083200000, 0x0000000100000000)
  region size 1024K, 4 young (4096K), 4 survivors (4096K)
 Metaspace       used 74981K, committed 75328K, reserved 1122304K
  class space    used 9953K, committed 10112K, reserved 1048576K
}
Event: 375.652 GC heap before
{Heap before GC invocations=22 (full 0):
 garbage-first heap   total 66560K, used 53533K [0x0000000083200000, 0x0000000100000000)
  region size 1024K, 26 young (26624K), 4 survivors (4096K)
 Metaspace       used 76197K, committed 76480K, reserved 1122304K
  class space    used 10021K, committed 10176K, reserved 1048576K
}
Event: 375.658 GC heap after
{Heap after GC invocations=23 (full 0):
 garbage-first heap   total 66560K, used 31692K [0x0000000083200000, 0x0000000100000000)
  region size 1024K, 3 young (3072K), 3 survivors (3072K)
 Metaspace       used 76197K, committed 76480K, reserved 1122304K
  class space    used 10021K, committed 10176K, reserved 1048576K
}

